<?xml version="1.0" encoding="UTF-8"?>
<testsuite name="seedu.address.model.person.PersonTest" tests="5" skipped="0" failures="0" errors="0" timestamp="2023-11-07T17:32:44" hostname="Tees-MBP" time="0.002">
  <properties/>
  <testcase name="equals()" classname="seedu.address.model.person.PersonTest" time="0.0"/>
  <testcase name="toStringMethod()" classname="seedu.address.model.person.PersonTest" time="0.001"/>
  <testcase name="getMeetingTimeStringForUserInterface()" classname="seedu.address.model.person.PersonTest" time="0.0"/>
  <testcase name="asObservableList_modifyList_throwsUnsupportedOperationException()" classname="seedu.address.model.person.PersonTest" time="0.0"/>
  <testcase name="isSamePerson()" classname="seedu.address.model.person.PersonTest" time="0.0"/>
  <system-out><![CDATA[]]></system-out>
  <system-err><![CDATA[]]></system-err>
</testsuite>
