<?xml version="1.0" encoding="UTF-8"?>
<testsuite name="seedu.address.logic.commands.ViewCommandTest" tests="3" skipped="0" failures="0" errors="0" timestamp="2023-11-07T17:32:44" hostname="Tees-MBP" time="0.003">
  <properties/>
  <testcase name="execute_validIndexViewPerson_success()" classname="seedu.address.logic.commands.ViewCommandTest" time="0.001"/>
  <testcase name="equals()" classname="seedu.address.logic.commands.ViewCommandTest" time="0.0"/>
  <testcase name="execute_invalidIndex_throwsCommandException()" classname="seedu.address.logic.commands.ViewCommandTest" time="0.001"/>
  <system-out><![CDATA[]]></system-out>
  <system-err><![CDATA[Nov 08, 2023 1:32:44 AM seedu.address.logic.commands.ViewCommand execute
INFO: Target Index: 0
Nov 08, 2023 1:32:44 AM seedu.address.logic.commands.ViewCommand execute
INFO: Client to View: seedu.address.model.person.Client{name=Alice Pauline, phone=94351253, email=alice@example.com, type=client, address=123, Jurong West Ave 6, #08-111, meetingTime=Optional[12/12/2023 12:00], tags=[[friends]]}
Nov 08, 2023 1:32:44 AM seedu.address.logic.commands.ViewCommand execute
INFO: 7+ 7
]]></system-err>
</testsuite>
