<?xml version="1.0" encoding="UTF-8"?>
<testsuite name="seedu.address.logic.commands.ExitCommandTest" tests="1" skipped="0" failures="0" errors="0" timestamp="2023-11-07T17:32:44" hostname="Tees-MBP" time="0.0">
  <properties/>
  <testcase name="execute_exit_success()" classname="seedu.address.logic.commands.ExitCommandTest" time="0.0"/>
  <system-out><![CDATA[]]></system-out>
  <system-err><![CDATA[]]></system-err>
</testsuite>
