<?xml version="1.0" encoding="UTF-8"?>
<testsuite name="seedu.address.storage.JsonUserPrefsStorageTest" tests="9" skipped="0" failures="0" errors="0" timestamp="2023-11-07T17:32:44" hostname="Tees-MBP" time="0.015">
  <properties/>
  <testcase name="savePrefs_nullPrefs_throwsNullPointerException()" classname="seedu.address.storage.JsonUserPrefsStorageTest" time="0.001"/>
  <testcase name="readUserPrefs_fileInOrder_successfullyRead()" classname="seedu.address.storage.JsonUserPrefsStorageTest" time="0.004"/>
  <testcase name="readUserPrefs_nullFilePath_throwsNullPointerException()" classname="seedu.address.storage.JsonUserPrefsStorageTest" time="0.0"/>
  <testcase name="readUserPrefs_notJsonFormat_exceptionThrown()" classname="seedu.address.storage.JsonUserPrefsStorageTest" time="0.001"/>
  <testcase name="saveUserPrefs_nullFilePath_throwsNullPointerException()" classname="seedu.address.storage.JsonUserPrefsStorageTest" time="0.001"/>
  <testcase name="readUserPrefs_valuesMissingFromFile_defaultValuesUsed()" classname="seedu.address.storage.JsonUserPrefsStorageTest" time="0.001"/>
  <testcase name="readUserPrefs_missingFile_emptyResult()" classname="seedu.address.storage.JsonUserPrefsStorageTest" time="0.0"/>
  <testcase name="saveUserPrefs_allInOrder_success()" classname="seedu.address.storage.JsonUserPrefsStorageTest" time="0.007"/>
  <testcase name="readUserPrefs_extraValuesInFile_extraValuesIgnored()" classname="seedu.address.storage.JsonUserPrefsStorageTest" time="0.0"/>
  <system-out><![CDATA[]]></system-out>
  <system-err><![CDATA[Nov 08, 2023 1:32:44 AM seedu.address.commons.util.JsonUtil readJsonFile
INFO: JSON file src/test/data/JsonUserPrefsStorageTest/TypicalUserPref.json found.
Nov 08, 2023 1:32:44 AM seedu.address.commons.util.JsonUtil readJsonFile
INFO: JSON file src/test/data/JsonUserPrefsStorageTest/NotJsonFormatUserPrefs.json found.
Nov 08, 2023 1:32:44 AM seedu.address.commons.util.JsonUtil readJsonFile
WARNING: Error reading from jsonFile file src/test/data/JsonUserPrefsStorageTest/NotJsonFormatUserPrefs.json: com.fasterxml.jackson.core.JsonParseException: Unrecognized token 'Not': was expecting 'null', 'true', 'false' or NaN
 at [Source: Not a json file!
; line: 1, column: 4]
Nov 08, 2023 1:32:44 AM seedu.address.commons.util.JsonUtil readJsonFile
INFO: JSON file src/test/data/JsonUserPrefsStorageTest/EmptyUserPrefs.json found.
Nov 08, 2023 1:32:44 AM seedu.address.commons.util.JsonUtil readJsonFile
INFO: JSON file /var/folders/1j/vsxf1w2n7nbgx01pz_1cq15w0000gn/T/junit10292904039526182168/TempPrefs.json found.
Nov 08, 2023 1:32:44 AM seedu.address.commons.util.JsonUtil readJsonFile
INFO: JSON file /var/folders/1j/vsxf1w2n7nbgx01pz_1cq15w0000gn/T/junit10292904039526182168/TempPrefs.json found.
Nov 08, 2023 1:32:44 AM seedu.address.commons.util.JsonUtil readJsonFile
INFO: JSON file src/test/data/JsonUserPrefsStorageTest/ExtraValuesUserPref.json found.
]]></system-err>
</testsuite>
