<?xml version="1.0" encoding="UTF-8"?>
<testsuite name="seedu.address.model.person.NameTest" tests="4" skipped="0" failures="0" errors="0" timestamp="2023-11-07T17:32:44" hostname="Tees-MBP" time="0.001">
  <properties/>
  <testcase name="equals()" classname="seedu.address.model.person.NameTest" time="0.0"/>
  <testcase name="isValidName()" classname="seedu.address.model.person.NameTest" time="0.0"/>
  <testcase name="constructor_invalidName_throwsIllegalArgumentException()" classname="seedu.address.model.person.NameTest" time="0.001"/>
  <testcase name="constructor_null_throwsNullPointerException()" classname="seedu.address.model.person.NameTest" time="0.0"/>
  <system-out><![CDATA[]]></system-out>
  <system-err><![CDATA[]]></system-err>
</testsuite>
