<?xml version="1.0" encoding="UTF-8"?>
<testsuite name="seedu.address.commons.util.CollectionUtilTest" tests="3" skipped="0" failures="0" errors="0" timestamp="2023-11-07T17:32:44" hostname="Tees-MBP" time="0.002">
  <properties/>
  <testcase name="requireAllNonNullCollection()" classname="seedu.address.commons.util.CollectionUtilTest" time="0.001"/>
  <testcase name="requireAllNonNullVarargs()" classname="seedu.address.commons.util.CollectionUtilTest" time="0.0"/>
  <testcase name="isAnyNonNull()" classname="seedu.address.commons.util.CollectionUtilTest" time="0.0"/>
  <system-out><![CDATA[]]></system-out>
  <system-err><![CDATA[]]></system-err>
</testsuite>
