<?xml version="1.0" encoding="UTF-8"?>
<testsuite name="seedu.address.logic.parser.AddMeetingCommandParserTest" tests="2" skipped="0" failures="0" errors="0" timestamp="2023-11-07T17:32:44" hostname="Tees-MBP" time="0.003">
  <properties/>
  <testcase name="parse_validArgs_returnsAddMeetingCommand()" classname="seedu.address.logic.parser.AddMeetingCommandParserTest" time="0.001"/>
  <testcase name="parse_invalidArgs_throwsParseException()" classname="seedu.address.logic.parser.AddMeetingCommandParserTest" time="0.001"/>
  <system-out><![CDATA[]]></system-out>
  <system-err><![CDATA[]]></system-err>
</testsuite>
