<?xml version="1.0" encoding="UTF-8"?>
<testsuite name="seedu.address.logic.parser.AddClientCommandParserTest" tests="5" skipped="0" failures="0" errors="0" timestamp="2023-11-07T17:32:44" hostname="Tees-MBP" time="0.03">
  <properties/>
  <testcase name="parse_repeatedNonTagValue_failure()" classname="seedu.address.logic.parser.AddClientCommandParserTest" time="0.011"/>
  <testcase name="parse_optionalFieldsMissing_success()" classname="seedu.address.logic.parser.AddClientCommandParserTest" time="0.005"/>
  <testcase name="parse_allFieldsPresent_success()" classname="seedu.address.logic.parser.AddClientCommandParserTest" time="0.003"/>
  <testcase name="parse_invalidValue_failure()" classname="seedu.address.logic.parser.AddClientCommandParserTest" time="0.006"/>
  <testcase name="parse_compulsoryFieldMissing_failure()" classname="seedu.address.logic.parser.AddClientCommandParserTest" time="0.005"/>
  <system-out><![CDATA[]]></system-out>
  <system-err><![CDATA[]]></system-err>
</testsuite>
