<?xml version="1.0" encoding="UTF-8"?>
<testsuite name="seedu.address.storage.JsonSerializableAddressBookTest" tests="3" skipped="0" failures="0" errors="0" timestamp="2023-11-07T17:32:44" hostname="Tees-MBP" time="0.008">
  <properties/>
  <testcase name="toModelType_invalidPersonFile_throwsIllegalValueException()" classname="seedu.address.storage.JsonSerializableAddressBookTest" time="0.001"/>
  <testcase name="toModelType_typicalPersonsFile_success()" classname="seedu.address.storage.JsonSerializableAddressBookTest" time="0.005"/>
  <testcase name="toModelType_duplicatePersons_throwsIllegalValueException()" classname="seedu.address.storage.JsonSerializableAddressBookTest" time="0.002"/>
  <system-out><![CDATA[]]></system-out>
  <system-err><![CDATA[Nov 08, 2023 1:32:44 AM seedu.address.commons.util.JsonUtil readJsonFile
INFO: JSON file src/test/data/JsonSerializableAddressBookTest/invalidPersonAddressBook.json found.
Nov 08, 2023 1:32:44 AM seedu.address.commons.util.JsonUtil readJsonFile
INFO: JSON file src/test/data/JsonSerializableAddressBookTest/typicalPersonsAddressBook.json found.
Nov 08, 2023 1:32:44 AM seedu.address.commons.util.JsonUtil readJsonFile
INFO: JSON file src/test/data/JsonSerializableAddressBookTest/duplicatePersonAddressBook.json found.
]]></system-err>
</testsuite>
