<?xml version="1.0" encoding="UTF-8"?>
<testsuite name="seedu.address.logic.parser.AddLeadCommandParserTest" tests="5" skipped="0" failures="0" errors="0" timestamp="2023-11-07T17:32:44" hostname="Tees-MBP" time="0.021">
  <properties/>
  <testcase name="parse_optionalFieldsMissing_success()" classname="seedu.address.logic.parser.AddLeadCommandParserTest" time="0.001"/>
  <testcase name="parseLead_repeatedNonTagValue_failure()" classname="seedu.address.logic.parser.AddLeadCommandParserTest" time="0.009"/>
  <testcase name="parse_allFieldsPresent_success()" classname="seedu.address.logic.parser.AddLeadCommandParserTest" time="0.001"/>
  <testcase name="parse_invalidValue_failure()" classname="seedu.address.logic.parser.AddLeadCommandParserTest" time="0.01"/>
  <testcase name="parse_compulsoryFieldMissing_failure()" classname="seedu.address.logic.parser.AddLeadCommandParserTest" time="0.0"/>
  <system-out><![CDATA[]]></system-out>
  <system-err><![CDATA[]]></system-err>
</testsuite>
