<?xml version="1.0" encoding="UTF-8"?>
<testsuite name="seedu.address.model.person.KeyMilestoneTest" tests="3" skipped="0" failures="0" errors="0" timestamp="2023-11-07T17:32:44" hostname="Tees-MBP" time="0.001">
  <properties/>
  <testcase name="isValidKeyMilestone()" classname="seedu.address.model.person.KeyMilestoneTest" time="0.0"/>
  <testcase name="equals()" classname="seedu.address.model.person.KeyMilestoneTest" time="0.0"/>
  <testcase name="hashCode_equals()" classname="seedu.address.model.person.KeyMilestoneTest" time="0.0"/>
  <system-out><![CDATA[]]></system-out>
  <system-err><![CDATA[]]></system-err>
</testsuite>
