<?xml version="1.0" encoding="UTF-8"?>
<testsuite name="seedu.address.ui.UiPartTest" tests="8" skipped="0" failures="0" errors="0" timestamp="2023-11-07T17:32:44" hostname="Tees-MBP" time="0.075">
  <properties/>
  <testcase name="constructor_validFileUrl_loadsFile()" classname="seedu.address.ui.UiPartTest" time="0.051"/>
  <testcase name="constructor_missingFileUrl_throwsAssertionError()" classname="seedu.address.ui.UiPartTest" time="0.0"/>
  <testcase name="constructor_validFileWithFxRootUrl_loadsFile()" classname="seedu.address.ui.UiPartTest" time="0.001"/>
  <testcase name="constructor_nullFileUrl_throwsNullPointerException()" classname="seedu.address.ui.UiPartTest" time="0.001"/>
  <testcase name="constructor_invalidFileUrl_throwsAssertionError()" classname="seedu.address.ui.UiPartTest" time="0.015"/>
  <testcase name="constructor_invalidFileName_throwsAssertionError()" classname="seedu.address.ui.UiPartTest" time="0.003"/>
  <testcase name="constructor_nullFileName_throwsNullPointerException()" classname="seedu.address.ui.UiPartTest" time="0.001"/>
  <testcase name="constructor_missingFileName_throwsNullPointerException()" classname="seedu.address.ui.UiPartTest" time="0.0"/>
  <system-out><![CDATA[]]></system-out>
  <system-err><![CDATA[]]></system-err>
</testsuite>
