<?xml version="1.0" encoding="UTF-8"?>
<testsuite name="seedu.address.logic.commands.ListClientCommandTest" tests="3" skipped="0" failures="0" errors="0" timestamp="2023-11-07T17:32:44" hostname="Tees-MBP" time="0.002">
  <properties/>
  <testcase name="execute_clientListIsEmpty()" classname="seedu.address.logic.commands.ListClientCommandTest" time="0.001"/>
  <testcase name="execute_clientListIsFiltered_showsEverything()" classname="seedu.address.logic.commands.ListClientCommandTest" time="0.0"/>
  <testcase name="execute_personListIsFiltered_showsEverything()" classname="seedu.address.logic.commands.ListClientCommandTest" time="0.001"/>
  <system-out><![CDATA[]]></system-out>
  <system-err><![CDATA[]]></system-err>
</testsuite>
