<?xml version="1.0" encoding="UTF-8"?>
<testsuite name="seedu.address.logic.commands.SortMeetingTimeCommandTest" tests="1" skipped="0" failures="0" errors="0" timestamp="2023-11-07T17:32:44" hostname="Tees-MBP" time="0.001">
  <properties/>
  <testcase name="execute_sortPersonList_correctOrder()" classname="seedu.address.logic.commands.SortMeetingTimeCommandTest" time="0.001"/>
  <system-out><![CDATA[]]></system-out>
  <system-err><![CDATA[]]></system-err>
</testsuite>
