<?xml version="1.0" encoding="UTF-8"?>
<testsuite name="seedu.address.commons.util.JsonUtilTest" tests="2" skipped="0" failures="0" errors="0" timestamp="2023-11-07T17:32:44" hostname="Tees-MBP" time="0.011">
  <properties/>
  <testcase name="deserializeObjectFromJsonFile_noExceptionThrown()" classname="seedu.address.commons.util.JsonUtilTest" time="0.007"/>
  <testcase name="serializeObjectToJsonFile_noExceptionThrown()" classname="seedu.address.commons.util.JsonUtilTest" time="0.004"/>
  <system-out><![CDATA[]]></system-out>
  <system-err><![CDATA[]]></system-err>
</testsuite>
