<?xml version="1.0" encoding="UTF-8"?>
<testsuite name="seedu.address.logic.commands.AddCommandTest" tests="7" skipped="0" failures="0" errors="0" timestamp="2023-11-07T17:32:44" hostname="Tees-MBP" time="0.006">
  <properties/>
  <testcase name="equalsForClientandLeads()" classname="seedu.address.logic.commands.AddCommandTest" time="0.0"/>
  <testcase name="equals()" classname="seedu.address.logic.commands.AddCommandTest" time="0.001"/>
  <testcase name="leadToStringMethod()" classname="seedu.address.logic.commands.AddCommandTest" time="0.002"/>
  <testcase name="execute_duplicatePerson_throwsCommandException()" classname="seedu.address.logic.commands.AddCommandTest" time="0.001"/>
  <testcase name="execute_personAcceptedByModel_addSuccessful()" classname="seedu.address.logic.commands.AddCommandTest" time="0.0"/>
  <testcase name="clientToStringMethod()" classname="seedu.address.logic.commands.AddCommandTest" time="0.002"/>
  <testcase name="constructor_nullPerson_throwsNullPointerException()" classname="seedu.address.logic.commands.AddCommandTest" time="0.0"/>
  <system-out><![CDATA[]]></system-out>
  <system-err><![CDATA[]]></system-err>
</testsuite>
