<?xml version="1.0" encoding="UTF-8"?>
<testsuite name="seedu.address.logic.commands.ConvertLeadToClientCommandTest" tests="4" skipped="0" failures="0" errors="0" timestamp="2023-11-07T17:32:44" hostname="Tees-MBP" time="0.001">
  <properties/>
  <testcase name="executeLeadConvertToClientInvalidIndexAddFailure()" classname="seedu.address.logic.commands.ConvertLeadToClientCommandTest" time="0.0"/>
  <testcase name="executeConvertClientToClientThrowException()" classname="seedu.address.logic.commands.ConvertLeadToClientCommandTest" time="0.001"/>
  <testcase name="executeLeadConvertToClientAddSuccessfully()" classname="seedu.address.logic.commands.ConvertLeadToClientCommandTest" time="0.0"/>
  <testcase name="constructor_nullPerson_throwsNullPointerException()" classname="seedu.address.logic.commands.ConvertLeadToClientCommandTest" time="0.0"/>
  <system-out><![CDATA[[]
[seedu.address.model.person.Client{name=Amy Bee, phone=85355255, email=amy@gmail.com, type=client, address=123, Jurong West Ave 6, #08-111, meetingTime=Optional.empty, tags=[]}]
[seedu.address.model.person.Lead{name=Amy Bee, phone=85355255, email=amy@gmail.com, type=lead, address=123, Jurong West Ave 6, #08-111, key milestone=01/12/2023, meetingTime=Optional.empty, tags=[]}]
]]></system-out>
  <system-err><![CDATA[]]></system-err>
</testsuite>
