<?xml version="1.0" encoding="UTF-8"?>
<testsuite name="seedu.address.logic.parser.ConvertClientToLeadCommandParserTest" tests="2" skipped="0" failures="0" errors="0" timestamp="2023-11-07T17:32:44" hostname="Tees-MBP" time="0.0">
  <properties/>
  <testcase name="parse_emptyArg_throwsParseException()" classname="seedu.address.logic.parser.ConvertClientToLeadCommandParserTest" time="0.0"/>
  <testcase name="parse_validArgs_returnsConvertClientToLeadCommand()" classname="seedu.address.logic.parser.ConvertClientToLeadCommandParserTest" time="0.0"/>
  <system-out><![CDATA[]]></system-out>
  <system-err><![CDATA[]]></system-err>
</testsuite>
