<?xml version="1.0" encoding="UTF-8"?>
<testsuite name="seedu.address.logic.parser.EditCommandParserTest" tests="9" skipped="0" failures="0" errors="0" timestamp="2023-11-07T17:32:44" hostname="Tees-MBP" time="0.028">
  <properties/>
  <testcase name="parse_resetTags_success()" classname="seedu.address.logic.parser.EditCommandParserTest" time="0.001"/>
  <testcase name="parse_someFieldsSpecified_success()" classname="seedu.address.logic.parser.EditCommandParserTest" time="0.002"/>
  <testcase name="parse_oneFieldSpecified_success()" classname="seedu.address.logic.parser.EditCommandParserTest" time="0.0"/>
  <testcase name="parse_missingParts_failure()" classname="seedu.address.logic.parser.EditCommandParserTest" time="0.001"/>
  <testcase name="parse_invalidPreamble_failure()" classname="seedu.address.logic.parser.EditCommandParserTest" time="0.0"/>
  <testcase name="parse_allFieldsSpecified_success()" classname="seedu.address.logic.parser.EditCommandParserTest" time="0.005"/>
  <testcase name="parse_invalidValue_failure()" classname="seedu.address.logic.parser.EditCommandParserTest" time="0.003"/>
  <testcase name="parse_multipleRepeatedFields_failure()" classname="seedu.address.logic.parser.EditCommandParserTest" time="0.011"/>
  <testcase name="parse_allLeadFieldsSpecified_success()" classname="seedu.address.logic.parser.EditCommandParserTest" time="0.005"/>
  <system-out><![CDATA[]]></system-out>
  <system-err><![CDATA[]]></system-err>
</testsuite>
