<?xml version="1.0" encoding="UTF-8"?>
<testsuite name="seedu.address.logic.LogicManagerTest" tests="6" skipped="0" failures="0" errors="0" timestamp="2023-11-07T17:32:44" hostname="Tees-MBP" time="0.049">
  <properties/>
  <testcase name="execute_invalidCommandFormat_throwsParseException()" classname="seedu.address.logic.LogicManagerTest" time="0.003"/>
  <testcase name="execute_storageThrowsAdException_throwsCommandException()" classname="seedu.address.logic.LogicManagerTest" time="0.037"/>
  <testcase name="execute_validCommand_success()" classname="seedu.address.logic.LogicManagerTest" time="0.006"/>
  <testcase name="execute_storageThrowsIoException_throwsCommandException()" classname="seedu.address.logic.LogicManagerTest" time="0.001"/>
  <testcase name="execute_commandExecutionError_throwsCommandException()" classname="seedu.address.logic.LogicManagerTest" time="0.001"/>
  <testcase name="getFilteredPersonList_modifyList_throwsUnsupportedOperationException()" classname="seedu.address.logic.LogicManagerTest" time="0.0"/>
  <system-out><![CDATA[]]></system-out>
  <system-err><![CDATA[Nov 08, 2023 1:32:44 AM seedu.address.logic.LogicManager execute
INFO: ----------------[USER COMMAND][uicfhmowqewca]
Nov 08, 2023 1:32:44 AM seedu.address.logic.LogicManager execute
INFO: ----------------[USER COMMAND][addclient n/Amy Bee p/11111111 e/amy@example.com a/Block 312, Amy Street 1 m/10/10/2024 10:00]
Nov 08, 2023 1:32:44 AM seedu.address.logic.LogicManager execute
INFO: ----------------[USER COMMAND][list]
Nov 08, 2023 1:32:44 AM seedu.address.logic.LogicManager execute
INFO: ----------------[USER COMMAND][addclient n/Amy Bee p/11111111 e/amy@example.com a/Block 312, Amy Street 1 m/10/10/2024 10:00]
Nov 08, 2023 1:32:44 AM seedu.address.logic.LogicManager execute
INFO: ----------------[USER COMMAND][delete 9]
]]></system-err>
</testsuite>
