<?xml version="1.0" encoding="UTF-8"?>
<testsuite name="seedu.address.logic.commands.CommandResultTest" tests="7" skipped="0" failures="0" errors="0" timestamp="2023-11-07T17:32:44" hostname="Tees-MBP" time="0.004">
  <properties/>
  <testcase name="stateTest()" classname="seedu.address.logic.commands.CommandResultTest" time="0.0"/>
  <testcase name="equals()" classname="seedu.address.logic.commands.CommandResultTest" time="0.0"/>
  <testcase name="toStringMethod()" classname="seedu.address.logic.commands.CommandResultTest" time="0.003"/>
  <testcase name="notEqualsTest()" classname="seedu.address.logic.commands.CommandResultTest" time="0.001"/>
  <testcase name="hashcode()" classname="seedu.address.logic.commands.CommandResultTest" time="0.0"/>
  <testcase name="defaultConstructorTest()" classname="seedu.address.logic.commands.CommandResultTest" time="0.0"/>
  <testcase name="hashCodeConsistencyTest()" classname="seedu.address.logic.commands.CommandResultTest" time="0.0"/>
  <system-out><![CDATA[]]></system-out>
  <system-err><![CDATA[]]></system-err>
</testsuite>
