<?xml version="1.0" encoding="UTF-8"?>
<testsuite name="seedu.address.commons.core.GuiSettingsTest" tests="1" skipped="0" failures="0" errors="0" timestamp="2023-11-07T17:32:44" hostname="Tees-MBP" time="0.007">
  <properties/>
  <testcase name="toStringMethod()" classname="seedu.address.commons.core.GuiSettingsTest" time="0.007"/>
  <system-out><![CDATA[]]></system-out>
  <system-err><![CDATA[]]></system-err>
</testsuite>
