<?xml version="1.0" encoding="UTF-8"?>
<testsuite name="seedu.address.logic.commands.AddClientCommandTest" tests="5" skipped="0" failures="0" errors="0" timestamp="2023-11-07T17:32:44" hostname="Tees-MBP" time="0.002">
  <properties/>
  <testcase name="equals()" classname="seedu.address.logic.commands.AddClientCommandTest" time="0.0"/>
  <testcase name="toStringMethod()" classname="seedu.address.logic.commands.AddClientCommandTest" time="0.001"/>
  <testcase name="execute_duplicatePerson_throwsCommandException()" classname="seedu.address.logic.commands.AddClientCommandTest" time="0.0"/>
  <testcase name="execute_clientAcceptedByModel_addSuccessful()" classname="seedu.address.logic.commands.AddClientCommandTest" time="0.0"/>
  <testcase name="constructor_nullPerson_throwsNullPointerException()" classname="seedu.address.logic.commands.AddClientCommandTest" time="0.0"/>
  <system-out><![CDATA[]]></system-out>
  <system-err><![CDATA[]]></system-err>
</testsuite>
